<?xml version="1.0" encoding="UTF-8"?>
<!-- Generated by org.testng.reporters.JUnitReportReporter -->
<testsuite hostname="exactpro-nb156" failures="0" tests="3" name="com.automationdemo.testcases.LogonPageTest" time="34.916" errors="0" timestamp="02 Apr 2023 17:38:24 GMT" skipped="0">
  <testcase classname="com.automationdemo.testcases.LogonPageTest" name="loginPageLogoTest" time="10.202"/>
  <testcase classname="com.automationdemo.testcases.LogonPageTest" name="LoginTest" time="12.743"/>
  <testcase classname="com.automationdemo.testcases.LogonPageTest" name="LoginTest" time="11.971"/>
</testsuite> <!-- com.automationdemo.testcases.LogonPageTest -->
