<?xml version="1.0" encoding="UTF-8"?>
<!-- Generated by org.testng.reporters.JUnitReportReporter -->
<testsuite hostname="exactpro-nb156" failures="0" tests="2" name="com.automationdemo.testcases.HomePageTest" time="36.147" errors="0" timestamp="02 Apr 2023 17:38:24 GMT" skipped="0">
  <testcase classname="com.automationdemo.testcases.HomePageTest" name="homePageLogoTest" time="15.811"/>
  <testcase classname="com.automationdemo.testcases.HomePageTest" name="homePageTaskLinkTest" time="20.336"/>
</testsuite> <!-- com.automationdemo.testcases.HomePageTest -->
